[2017-01-27T15:00:39.711+0100] [] [INFO] [NCLS-GFLAUNCHER-00005] [javax.enterprise.launcher] [tid: _ThreadID=1 _ThreadName=main] [timeMillis: 1485525639711] [levelValue: 800] [[
  JVM invocation command line:
C:\Program Files\Java\jdk1.8.0_111\bin\java.exe
-cp
C:/Users/Nikolaus/Desktop/Arbeit/glassfish4/glassfish/modules/glassfish.jar
-XX:+UnlockDiagnosticVMOptions
-XX:NewRatio=2
-XX:MaxPermSize=192m
-Xmx512m
-javaagent:C:/Users/Nikolaus/Desktop/Arbeit/glassfish4/glassfish/lib/monitor/flashlight-agent.jar
-client
-Djavax.xml.accessExternalSchema=all
-Djavax.net.ssl.trustStore=C:\Users\Nikolaus\Desktop\Arbeit\glassfish4\glassfish\domains\cocome-pickup/config/cacerts.jks
-Djdk.corba.allowOutputStreamSubclass=true
-Dfelix.fileinstall.dir=C:\Users\Nikolaus\Desktop\Arbeit\glassfish4\glassfish/modules/autostart/
-Dorg.glassfish.additionalOSGiBundlesToStart=org.apache.felix.shell,org.apache.felix.gogo.runtime,org.apache.felix.gogo.shell,org.apache.felix.gogo.command,org.apache.felix.shell.remote,org.apache.felix.fileinstall
-Dcom.sun.aas.installRoot=C:\Users\Nikolaus\Desktop\Arbeit\glassfish4\glassfish
-Dfelix.fileinstall.poll=5000
-Djava.endorsed.dirs=C:\Users\Nikolaus\Desktop\Arbeit\glassfish4\glassfish/modules/endorsed;C:\Users\Nikolaus\Desktop\Arbeit\glassfish4\glassfish/lib/endorsed
-Djava.security.policy=C:\Users\Nikolaus\Desktop\Arbeit\glassfish4\glassfish\domains\cocome-pickup/config/server.policy
-Dosgi.shell.telnet.maxconn=1
-Dfelix.fileinstall.bundles.startTransient=true
-Dcom.sun.enterprise.config.config_environment_factory_class=com.sun.enterprise.config.serverbeans.AppserverConfigEnvironmentFactory
-Dfelix.fileinstall.log.level=2
-Djavax.net.ssl.keyStore=C:\Users\Nikolaus\Desktop\Arbeit\glassfish4\glassfish\domains\cocome-pickup/config/keystore.jks
-Djava.security.auth.login.config=C:\Users\Nikolaus\Desktop\Arbeit\glassfish4\glassfish\domains\cocome-pickup/config/login.conf
-Dfelix.fileinstall.disableConfigSave=false
-Dfelix.fileinstall.bundles.new.start=true
-Dcom.sun.aas.instanceRoot=C:\Users\Nikolaus\Desktop\Arbeit\glassfish4\glassfish\domains\cocome-pickup
-Dosgi.shell.telnet.port=8566
-Dgosh.args=--nointeractive
-Dcom.sun.enterprise.security.httpsOutboundKeyAlias=s1as
-Dosgi.shell.telnet.ip=127.0.0.1
-DANTLR_USE_DIRECT_CLASS_LOADING=true
-Djava.awt.headless=true
-Dcom.ctc.wstx.returnNullForDefaultNamespace=true
-Djava.ext.dirs=C:\Program Files\Java\jdk1.8.0_111/lib/ext;C:\Program Files\Java\jdk1.8.0_111/jre/lib/ext;C:\Users\Nikolaus\Desktop\Arbeit\glassfish4\glassfish\domains\cocome-pickup/lib/ext
-Djdbc.drivers=org.apache.derby.jdbc.ClientDriver
-Djava.library.path=C:/Users/Nikolaus/Desktop/Arbeit/glassfish4/glassfish/lib;C:/ProgramData/Oracle/Java/javapath;C:/Windows/Sun/Java/bin;C:/Windows/System32;C:/Windows;C:/Perl64/site/bin;C:/Perl64/bin;C:/Program Files/Java/jdk1.7.0_79/bin;C:/Program Files (x86)/Intel/iCLS Client;C:/Program Files/Intel/iCLS Client;C:/Windows/System32/wbem;C:/Windows/System32/WindowsPowerShell/v1.0;C:/Program Files/Intel/Intel(R) Management Engine Components/DAL;C:/Program Files/Intel/Intel(R) Management Engine Components/IPT;C:/Program Files (x86)/Intel/Intel(R) Management Engine Components/DAL;C:/Program Files (x86)/Intel/Intel(R) Management Engine Components/IPT;C:/Program Files (x86)/EgisTec BioExcess/x64;C:/Program Files (x86)/EgisTec BioExcess;C:/Program Files/apache-maven-3.3.9/bin;C:/Program Files/TortoiseSVN/bin;C:/Program Files/MiKTeX 2.9/miktex/bin/x64;C:/Program Files (x86)/Skype/Phone;C:/Program Files/Intel/WiFi/bin;C:/Program Files/Common Files/Intel/WirelessCommon;C:/Program Files/OpenVPN/bin;C:/Program Files/nodejs;C:/Program Files/Git/cmd;C:/Users/Nikolaus/AppData/Roaming/npm;C:/Users/Nikolaus/Desktop/Arbeit/glassfish4/bin
com.sun.enterprise.glassfish.bootstrap.ASMain
-upgrade
false
-domaindir
C:/Users/Nikolaus/Desktop/Arbeit/glassfish4/glassfish/domains/cocome-pickup
-read-stdin
true
-asadmin-args
--host,,,localhost,,,--port,,,4848,,,--secure=false,,,--terse=false,,,--echo=false,,,--interactive=true,,,start-domain,,,--verbose=false,,,--watchdog=false,,,--debug=false,,,--domaindir,,,C:\Users\Nikolaus\Desktop\Arbeit\glassfish4\glassfish\domains,,,cocome-pickup
-domainname
cocome-pickup
-instancename
server
-type
DAS
-verbose
false
-asadmin-classpath
C:/Users/Nikolaus/Desktop/Arbeit/glassfish4/glassfish/lib/client/appserver-cli.jar
-debug
false
-asadmin-classname
com.sun.enterprise.admin.cli.AdminMain]]

[2017-01-27T15:00:45.246+0100] [glassfish 4.1] [INFO] [NCLS-LOGGING-00009] [javax.enterprise.logging] [tid: _ThreadID=19 _ThreadName=RunLevelControllerThread-1485525645121] [timeMillis: 1485525645246] [levelValue: 800] [[
  Running GlassFish Version: GlassFish Server Open Source Edition  4.1.1  (build 1)]]

[2017-01-27T15:00:45.246+0100] [glassfish 4.1] [INFO] [NCLS-LOGGING-00010] [javax.enterprise.logging] [tid: _ThreadID=19 _ThreadName=RunLevelControllerThread-1485525645121] [timeMillis: 1485525645246] [levelValue: 800] [[
  Server log file is using Formatter class: com.sun.enterprise.server.logging.ODLLogFormatter]]

[2017-01-27T15:00:45.389+0100] [glassfish 4.1] [INFO] [NCLS-SECURITY-01115] [javax.enterprise.system.core.security] [tid: _ThreadID=18 _ThreadName=RunLevelControllerThread-1485525645121] [timeMillis: 1485525645389] [levelValue: 800] [[
  Realm [admin-realm] of classtype [com.sun.enterprise.security.auth.realm.file.FileRealm] successfully created.]]

[2017-01-27T15:00:45.389+0100] [glassfish 4.1] [INFO] [NCLS-SECURITY-01115] [javax.enterprise.system.core.security] [tid: _ThreadID=18 _ThreadName=RunLevelControllerThread-1485525645121] [timeMillis: 1485525645389] [levelValue: 800] [[
  Realm [file] of classtype [com.sun.enterprise.security.auth.realm.file.FileRealm] successfully created.]]

[2017-01-27T15:00:45.389+0100] [glassfish 4.1] [INFO] [NCLS-SECURITY-01115] [javax.enterprise.system.core.security] [tid: _ThreadID=18 _ThreadName=RunLevelControllerThread-1485525645121] [timeMillis: 1485525645389] [levelValue: 800] [[
  Realm [certificate] of classtype [com.sun.enterprise.security.auth.realm.certificate.CertificateRealm] successfully created.]]

[2017-01-27T15:00:45.545+0100] [glassfish 4.1] [INFO] [] [org.hibernate.validator.internal.util.Version] [tid: _ThreadID=20 _ThreadName=RunLevelControllerThread-1485525645137] [timeMillis: 1485525645545] [levelValue: 800] [[
  HV000001: Hibernate Validator 5.1.2.Final]]

[2017-01-27T15:00:45.780+0100] [glassfish 4.1] [INFO] [SEC-SVCS-00100] [javax.enterprise.security.services] [tid: _ThreadID=19 _ThreadName=RunLevelControllerThread-1485525645121] [timeMillis: 1485525645780] [levelValue: 800] [[
  Authorization Service has successfully initialized.]]

[2017-01-27T15:00:45.828+0100] [glassfish 4.1] [INFO] [] [org.glassfish.ha.store.spi.BackingStoreFactoryRegistry] [tid: _ThreadID=21 _ThreadName=RunLevelControllerThread-1485525645137] [timeMillis: 1485525645828] [levelValue: 800] [[
  Registered org.glassfish.ha.store.adapter.cache.ShoalBackingStoreProxy for persistence-type = replicated in BackingStoreFactoryRegistry]]

[2017-01-27T15:00:45.891+0100] [glassfish 4.1] [WARNING] [] [org.glassfish.grizzly.config.Utils] [tid: _ThreadID=18 _ThreadName=RunLevelControllerThread-1485525645121] [timeMillis: 1485525645891] [levelValue: 900] [[
  Instance could not be initialized. Class=interface org.glassfish.grizzly.http.server.AddOn, name=http-listener-1, realClassName=org.glassfish.grizzly.http2.Http2AddOn]]

[2017-01-27T15:00:45.954+0100] [glassfish 4.1] [INFO] [NCLS-CORE-00087] [javax.enterprise.system.core] [tid: _ThreadID=18 _ThreadName=RunLevelControllerThread-1485525645121] [timeMillis: 1485525645954] [levelValue: 800] [[
  Grizzly Framework 2.3.23 started in: 31ms - bound to [/0.0.0.0:8580]]]

[2017-01-27T15:00:45.970+0100] [glassfish 4.1] [WARNING] [] [org.glassfish.grizzly.config.Utils] [tid: _ThreadID=18 _ThreadName=RunLevelControllerThread-1485525645121] [timeMillis: 1485525645970] [levelValue: 900] [[
  Instance could not be initialized. Class=interface org.glassfish.grizzly.http.server.AddOn, name=http-listener-2, realClassName=org.glassfish.grizzly.http2.Http2AddOn]]

[2017-01-27T15:00:45.985+0100] [glassfish 4.1] [INFO] [NCLS-CORE-00087] [javax.enterprise.system.core] [tid: _ThreadID=18 _ThreadName=RunLevelControllerThread-1485525645121] [timeMillis: 1485525645985] [levelValue: 800] [[
  Grizzly Framework 2.3.23 started in: 15ms - bound to [/0.0.0.0:8581]]]

[2017-01-27T15:00:45.985+0100] [glassfish 4.1] [WARNING] [] [org.glassfish.grizzly.config.Utils] [tid: _ThreadID=18 _ThreadName=RunLevelControllerThread-1485525645121] [timeMillis: 1485525645985] [levelValue: 900] [[
  Instance could not be initialized. Class=interface org.glassfish.grizzly.http.server.AddOn, name=admin-listener, realClassName=org.glassfish.grizzly.http2.Http2AddOn]]

[2017-01-27T15:00:45.985+0100] [glassfish 4.1] [INFO] [NCLS-CORE-00087] [javax.enterprise.system.core] [tid: _ThreadID=18 _ThreadName=RunLevelControllerThread-1485525645121] [timeMillis: 1485525645985] [levelValue: 800] [[
  Grizzly Framework 2.3.23 started in: 0ms - bound to [/0.0.0.0:8548]]]

[2017-01-27T15:00:46.033+0100] [glassfish 4.1] [INFO] [NCLS-CORE-00087] [javax.enterprise.system.core] [tid: _ThreadID=21 _ThreadName=RunLevelControllerThread-1485525645137] [timeMillis: 1485525646033] [levelValue: 800] [[
  Grizzly Framework 2.3.23 started in: 0ms - bound to [/0.0.0.0:8537]]]

[2017-01-27T15:00:46.080+0100] [glassfish 4.1] [INFO] [NCLS-CORE-00017] [javax.enterprise.system.core] [tid: _ThreadID=1 _ThreadName=main] [timeMillis: 1485525646080] [levelValue: 800] [[
  GlassFish Server Open Source Edition  4.1.1  (1) startup time : Felix (5.137ms), startup services(959ms), total(6.096ms)]]

[2017-01-27T15:00:46.186+0100] [glassfish 4.1] [INFO] [jts.startup_msg] [javax.enterprise.system.core.transaction.com.sun.jts.CosTransactions] [tid: _ThreadID=18 _ThreadName=RunLevelControllerThread-1485525645121] [timeMillis: 1485525646186] [levelValue: 800] [[
  JTS5014: Recoverable JTS instance, serverId = [100]]]

[2017-01-27T15:00:46.360+0100] [glassfish 4.1] [INFO] [NCLS-JMX-00005] [javax.enterprise.system.jmx] [tid: _ThreadID=60 _ThreadName=Thread-12] [timeMillis: 1485525646360] [levelValue: 800] [[
  JMXStartupService has started JMXConnector on JMXService URL service:jmx:rmi://Niko-Pc.local:8586/jndi/rmi://Niko-Pc.local:8586/jmxrmi]]

[2017-01-27T15:00:46.516+0100] [glassfish 4.1] [INFO] [NCLS-CORE-00087] [javax.enterprise.system.core] [tid: _ThreadID=20 _ThreadName=RunLevelControllerThread-1485525645137] [timeMillis: 1485525646516] [levelValue: 800] [[
  Grizzly Framework 2.3.23 started in: 0ms - bound to [/0.0.0.0:16176]]]

[2017-01-27T15:00:46.531+0100] [glassfish 4.1] [INFO] [NCLS-BOOTSTRAP-00027] [javax.enterprise.bootstrap] [tid: _ThreadID=1 _ThreadName=main] [timeMillis: 1485525646531] [levelValue: 800] [[
  Registered com.sun.enterprise.glassfish.bootstrap.osgi.EmbeddedOSGiGlassFishImpl@3fa7df1 as OSGi service registration: org.apache.felix.framework.ServiceRegistrationImpl@32456db0.]]

[2017-01-27T15:00:52.409+0100] [glassfish 4.1] [WARNING] [] [org.glassfish.grizzly.config.Utils] [tid: _ThreadID=38 _ThreadName=pool-8-thread-1] [timeMillis: 1485525652409] [levelValue: 900] [[
  Instance could not be initialized. Class=interface org.glassfish.grizzly.http.server.AddOn, name=http-listener-1, realClassName=org.glassfish.grizzly.http2.Http2AddOn]]

[2017-01-27T15:00:52.415+0100] [glassfish 4.1] [INFO] [NCLS-CORE-00087] [javax.enterprise.system.core] [tid: _ThreadID=38 _ThreadName=pool-8-thread-1] [timeMillis: 1485525652415] [levelValue: 800] [[
  Grizzly Framework 2.3.23 started in: 2ms - bound to [/0.0.0.0:8580]]]

[2017-01-27T15:00:52.421+0100] [glassfish 4.1] [WARNING] [] [org.glassfish.grizzly.config.Utils] [tid: _ThreadID=38 _ThreadName=pool-8-thread-1] [timeMillis: 1485525652421] [levelValue: 900] [[
  Instance could not be initialized. Class=interface org.glassfish.grizzly.http.server.AddOn, name=http-listener-2, realClassName=org.glassfish.grizzly.http2.Http2AddOn]]

[2017-01-27T15:00:52.427+0100] [glassfish 4.1] [INFO] [NCLS-CORE-00087] [javax.enterprise.system.core] [tid: _ThreadID=38 _ThreadName=pool-8-thread-1] [timeMillis: 1485525652427] [levelValue: 800] [[
  Grizzly Framework 2.3.23 started in: 2ms - bound to [/0.0.0.0:8581]]]

[2017-01-27T15:00:53.192+0100] [glassfish 4.1] [INFO] [] [javax.enterprise.system.tools.deployment.common] [tid: _ThreadID=107 _ThreadName=Thread-23] [timeMillis: 1485525653192] [levelValue: 800] [[
  visiting unvisited references]]

[2017-01-27T15:00:53.670+0100] [glassfish 4.1] [INFO] [AS-WEB-GLUE-00198] [javax.enterprise.web] [tid: _ThreadID=107 _ThreadName=Thread-23] [timeMillis: 1485525653670] [levelValue: 800] [[
  Created HTTP listener http-listener-1 on host/port 0.0.0.0:8580]]

[2017-01-27T15:00:53.670+0100] [glassfish 4.1] [INFO] [AS-WEB-GLUE-00198] [javax.enterprise.web] [tid: _ThreadID=107 _ThreadName=Thread-23] [timeMillis: 1485525653670] [levelValue: 800] [[
  Created HTTP listener http-listener-2 on host/port 0.0.0.0:8581]]

[2017-01-27T15:00:53.670+0100] [glassfish 4.1] [INFO] [AS-WEB-GLUE-00198] [javax.enterprise.web] [tid: _ThreadID=107 _ThreadName=Thread-23] [timeMillis: 1485525653670] [levelValue: 800] [[
  Created HTTP listener admin-listener on host/port 0.0.0.0:8548]]

[2017-01-27T15:00:53.701+0100] [glassfish 4.1] [INFO] [AS-WEB-GLUE-00200] [javax.enterprise.web] [tid: _ThreadID=107 _ThreadName=Thread-23] [timeMillis: 1485525653701] [levelValue: 800] [[
  Created virtual server server]]

[2017-01-27T15:00:53.701+0100] [glassfish 4.1] [INFO] [AS-WEB-GLUE-00200] [javax.enterprise.web] [tid: _ThreadID=107 _ThreadName=Thread-23] [timeMillis: 1485525653701] [levelValue: 800] [[
  Created virtual server __asadmin]]

[2017-01-27T15:00:53.973+0100] [glassfish 4.1] [INFO] [AS-WEB-CORE-00306] [javax.enterprise.web.core] [tid: _ThreadID=107 _ThreadName=Thread-23] [timeMillis: 1485525653973] [levelValue: 800] [[
  Setting JAAS app name glassfish-web]]

[2017-01-27T15:00:53.973+0100] [glassfish 4.1] [INFO] [AS-WEB-GLUE-00201] [javax.enterprise.web] [tid: _ThreadID=107 _ThreadName=Thread-23] [timeMillis: 1485525653973] [levelValue: 800] [[
  Virtual server server loaded default web module ]]

[2017-01-27T15:00:54.333+0100] [glassfish 4.1] [INFO] [NCLS-SECURITY-01002] [javax.enterprise.system.core.security] [tid: _ThreadID=107 _ThreadName=Thread-23] [timeMillis: 1485525654333] [levelValue: 800] [[
  Java security manager is disabled.]]

[2017-01-27T15:00:54.334+0100] [glassfish 4.1] [INFO] [NCLS-SECURITY-01010] [javax.enterprise.system.core.security] [tid: _ThreadID=107 _ThreadName=Thread-23] [timeMillis: 1485525654334] [levelValue: 800] [[
  Entering Security Startup Service.]]

[2017-01-27T15:00:54.339+0100] [glassfish 4.1] [INFO] [NCLS-SECURITY-01143] [javax.enterprise.system.core.security] [tid: _ThreadID=107 _ThreadName=Thread-23] [timeMillis: 1485525654339] [levelValue: 800] [[
  Loading policy provider com.sun.enterprise.security.provider.PolicyWrapper.]]

[2017-01-27T15:00:54.421+0100] [glassfish 4.1] [INFO] [NCLS-SECURITY-01011] [javax.enterprise.system.core.security] [tid: _ThreadID=107 _ThreadName=Thread-23] [timeMillis: 1485525654421] [levelValue: 800] [[
  Security Service(s) started successfully.]]

[2017-01-27T15:00:54.718+0100] [glassfish 4.1] [INFO] [] [javax.enterprise.system.tools.deployment.common] [tid: _ThreadID=107 _ThreadName=Thread-23] [timeMillis: 1485525654718] [levelValue: 800] [[
  visiting unvisited references]]

[2017-01-27T15:00:54.746+0100] [glassfish 4.1] [INFO] [] [javax.enterprise.system.tools.deployment.common] [tid: _ThreadID=107 _ThreadName=Thread-23] [timeMillis: 1485525654746] [levelValue: 800] [[
  visiting unvisited references]]

[2017-01-27T15:00:54.747+0100] [glassfish 4.1] [INFO] [] [javax.enterprise.system.tools.deployment.common] [tid: _ThreadID=107 _ThreadName=Thread-23] [timeMillis: 1485525654747] [levelValue: 800] [[
  visiting unvisited references]]

[2017-01-27T15:00:56.327+0100] [glassfish 4.1] [INFO] [NCLS-REST-00001] [javax.enterprise.admin.rest] [tid: _ThreadID=52 _ThreadName=admin-listener(3)] [timeMillis: 1485525656327] [levelValue: 800] [[
  Listening to REST requests at context: /management/domain.]]

[2017-01-27T15:00:56.991+0100] [glassfish 4.1] [INFO] [jsf.config.listener.version] [javax.enterprise.resource.webcontainer.jsf.config] [tid: _ThreadID=107 _ThreadName=Thread-23] [timeMillis: 1485525656991] [levelValue: 800] [[
  Mojarra 2.2.12 ( 20150720-0848 https://svn.java.net/svn/mojarra~svn/tags/2.2.12@14885) für Kontext '' wird initialisiert.]]

[2017-01-27T15:00:58.102+0100] [glassfish 4.1] [INFO] [AS-WEB-GLUE-00172] [javax.enterprise.web] [tid: _ThreadID=107 _ThreadName=Thread-23] [timeMillis: 1485525658102] [levelValue: 800] [[
  Loading application [__admingui] at [/]]]

[2017-01-27T15:00:58.102+0100] [glassfish 4.1] [INFO] [NCLS-CORE-00022] [javax.enterprise.system.core] [tid: _ThreadID=107 _ThreadName=Thread-23] [timeMillis: 1485525658102] [levelValue: 800] [[
  Loading application __admingui done in 5.246 ms]]

[2017-01-27T15:00:58.532+0100] [glassfish 4.1] [WARNING] [] [javax.enterprise.system.container.web.com.sun.web.security] [tid: _ThreadID=53 _ThreadName=admin-listener(4)] [timeMillis: 1485525658532] [levelValue: 900] [[
  Context path from ServletContext:  differs from path from bundle: /]]

[2017-01-27T15:01:00.758+0100] [glassfish 4.1] [INFO] [] [org.glassfish.admingui] [tid: _ThreadID=51 _ThreadName=admin-listener(2)] [timeMillis: 1485525660758] [levelValue: 800] [[
  Redirecting to /]]

[2017-01-27T15:01:00.882+0100] [glassfish 4.1] [INFO] [] [org.glassfish.admingui] [tid: _ThreadID=54 _ThreadName=admin-listener(5)] [timeMillis: 1485525660882] [levelValue: 800] [[
  Admin Console: Initializing Session Attributes...]]

[2017-01-27T15:01:01.044+0100] [glassfish 4.1] [WARNING] [] [java.util.prefs] [tid: _ThreadID=54 _ThreadName=admin-listener(5)] [timeMillis: 1485525661044] [levelValue: 900] [[
  Could not open/create prefs root node Software\JavaSoft\Prefs at root 0x80000002. Windows RegCreateKeyEx(...) returned error code 5.]]

[2017-01-27T15:02:04.332+0100] [glassfish 4.1] [WARNING] [] [com.sun.xml.ws.model.JavaMethodImpl] [tid: _ThreadID=135 _ThreadName=admin-listener(6)] [timeMillis: 1485525724332] [levelValue: 900] [[
  Mismatch between Java model and WSDL model found, For wsdl operation {http://usermanager.webservice.logic.cocome.org/}getCustomerWithStoreTO,There is no matching wsdl fault with detail QName {http://store.webservice.logic.cocome.org/}NotInDatabaseException]]

[2017-01-27T15:02:04.332+0100] [glassfish 4.1] [WARNING] [] [com.sun.xml.ws.model.JavaMethodImpl] [tid: _ThreadID=135 _ThreadName=admin-listener(6)] [timeMillis: 1485525724332] [levelValue: 900] [[
  Mismatch between Java model and WSDL model found, For wsdl operation {http://usermanager.webservice.logic.cocome.org/}getUserTO,There is no matching wsdl fault with detail QName {http://store.webservice.logic.cocome.org/}NotInDatabaseException]]

[2017-01-27T15:02:04.332+0100] [glassfish 4.1] [WARNING] [] [com.sun.xml.ws.model.JavaMethodImpl] [tid: _ThreadID=135 _ThreadName=admin-listener(6)] [timeMillis: 1485525724332] [levelValue: 900] [[
  Mismatch between Java model and WSDL model found, For wsdl operation {http://usermanager.webservice.logic.cocome.org/}checkCredentials,There is no matching wsdl fault with detail QName {http://store.webservice.logic.cocome.org/}NotInDatabaseException]]

[2017-01-27T15:02:04.332+0100] [glassfish 4.1] [WARNING] [] [com.sun.xml.ws.model.JavaMethodImpl] [tid: _ThreadID=135 _ThreadName=admin-listener(6)] [timeMillis: 1485525724332] [levelValue: 900] [[
  Mismatch between Java model and WSDL model found, For wsdl operation {http://usermanager.webservice.logic.cocome.org/}requestAuthToken,There is no matching wsdl fault with detail QName {http://store.webservice.logic.cocome.org/}NotInDatabaseException]]

[2017-01-27T15:02:04.347+0100] [glassfish 4.1] [WARNING] [] [com.sun.xml.ws.model.JavaMethodImpl] [tid: _ThreadID=135 _ThreadName=admin-listener(6)] [timeMillis: 1485525724347] [levelValue: 900] [[
  Mismatch between Java model and WSDL model found, For wsdl operation {http://usermanager.webservice.logic.cocome.org/}getUserRoles,There is no matching wsdl fault with detail QName {http://store.webservice.logic.cocome.org/}NotInDatabaseException]]

[2017-01-27T15:02:05.149+0100] [glassfish 4.1] [INFO] [NCLS-SECURITY-01115] [javax.enterprise.system.core.security] [tid: _ThreadID=135 _ThreadName=admin-listener(6)] [timeMillis: 1485525725149] [levelValue: 800] [[
  Realm [LogicServiceRealm] of classtype [org.cocome.cloud.auth.provider.LogicServiceRealm] successfully created.]]

